[2023-04-13 11:25:38] Failed to load WindBot Ignite config json: [json.exception.parse_error.101] parse error at line 194, column 15: syntax error while parsing array - unexpected ':'; expected ']'
[2023-04-13 11:25:38] Failed to parse WindBot Ignite config json entry: [json.exception.type_error.304] cannot use at() with string
[2023-04-13 11:25:41] Exception occurred in repo https://github.com/ProjectIgnis/DeltaPuppetOfStrings: indexer progress callback returned -1
[2025-09-02 09:45:25] Exception occurred in repo https://github.com/ProjectIgnis/DeltaBagooska: the SSL certificate is invalid
[2025-09-02 09:45:25] The repo https://github.com/ProjectIgnis/DeltaBagooska couldn't be cloned
[2025-09-02 09:45:25] Error: the SSL certificate is invalid
[2025-09-02 09:45:25] Warning occurred in repo https://github.com/ProjectIgnis/LFLists: the SSL certificate is invalid
[2025-09-02 09:45:25] Warning occurred in repo https://github.com/ProjectIgnis/Puzzles: the SSL certificate is invalid
[2026-02-24 10:19:34] Warning occurred in repo https://github.com/ProjectIgnis/Puzzles: the SSL certificate is invalid
[2026-02-24 10:19:34] Exception occurred in repo https://github.com/ProjectIgnis/DeltaBagooska: the SSL certificate is invalid
[2026-02-24 10:19:34] The repo https://github.com/ProjectIgnis/DeltaBagooska couldn't be cloned
[2026-02-24 10:19:34] Error: the SSL certificate is invalid
[2026-03-03 12:53:06] Warning occurred in repo https://github.com/ProjectIgnis/LFLists: the SSL certificate is invalid
[2026-03-03 12:53:06] Exception occurred in repo https://github.com/ProjectIgnis/DeltaBagooska: the SSL certificate is invalid
[2026-03-03 12:53:06] The repo https://github.com/ProjectIgnis/DeltaBagooska couldn't be cloned
[2026-03-03 12:53:06] Error: the SSL certificate is invalid
[2026-03-03 12:55:27] Warning occurred in repo https://github.com/ProjectIgnis/Puzzles: the SSL certificate is invalid
[2026-03-03 12:55:27] Exception occurred in repo https://github.com/ProjectIgnis/DeltaBagooska: the SSL certificate is invalid
[2026-03-03 12:55:27] The repo https://github.com/ProjectIgnis/DeltaBagooska couldn't be cloned
[2026-03-03 12:55:27] Error: the SSL certificate is invalid
[2026-03-04 07:49:10] Warning occurred in repo https://github.com/ProjectIgnis/Puzzles: the SSL certificate is invalid
[2026-03-04 07:49:10] Warning occurred in repo https://github.com/ProjectIgnis/LFLists: the SSL certificate is invalid
[2026-03-04 07:49:10] Exception occurred in repo https://github.com/ProjectIgnis/DeltaBagooska: the SSL certificate is invalid
[2026-03-04 07:49:10] The repo https://github.com/ProjectIgnis/DeltaBagooska couldn't be cloned
[2026-03-04 07:49:10] Error: the SSL certificate is invalid
[2026-03-04 12:49:17] Warning occurred in repo https://github.com/ProjectIgnis/LFLists: the SSL certificate is invalid
[2026-03-04 12:49:17] Exception occurred in repo https://github.com/ProjectIgnis/DeltaBagooska: the SSL certificate is invalid
[2026-03-04 12:49:17] Warning occurred in repo https://github.com/ProjectIgnis/Puzzles: the SSL certificate is invalid
[2026-03-04 12:49:17] The repo https://github.com/ProjectIgnis/DeltaBagooska couldn't be cloned
[2026-03-04 12:49:17] Error: the SSL certificate is invalid
[2026-03-04 12:57:10] Warning occurred in repo https://github.com/ProjectIgnis/LFLists: the SSL certificate is invalid
[2026-03-04 12:57:10] Exception occurred in repo https://github.com/ProjectIgnis/DeltaBagooska: the SSL certificate is invalid
[2026-03-04 12:57:10] Warning occurred in repo https://github.com/ProjectIgnis/Puzzles: the SSL certificate is invalid
[2026-03-04 12:57:10] The repo https://github.com/ProjectIgnis/DeltaBagooska couldn't be cloned
[2026-03-04 12:57:10] Error: the SSL certificate is invalid
[2026-03-05 08:51:11] Warning occurred in repo https://github.com/ProjectIgnis/Puzzles: the SSL certificate is invalid
[2026-03-05 08:51:11] Exception occurred in repo https://github.com/ProjectIgnis/DeltaBagooska: the SSL certificate is invalid
[2026-03-05 08:51:11] Warning occurred in repo https://github.com/ProjectIgnis/LFLists: the SSL certificate is invalid
[2026-03-05 08:51:11] The repo https://github.com/ProjectIgnis/DeltaBagooska couldn't be cloned
[2026-03-05 08:51:11] Error: the SSL certificate is invalid
[2026-03-05 08:52:35] Warning occurred in repo https://github.com/ProjectIgnis/Puzzles: the SSL certificate is invalid
[2026-03-05 08:52:35] Exception occurred in repo https://github.com/ProjectIgnis/DeltaBagooska: the SSL certificate is invalid
[2026-03-05 08:52:35] The repo https://github.com/ProjectIgnis/DeltaBagooska couldn't be cloned
[2026-03-05 08:52:35] Error: the SSL certificate is invalid
[2026-03-25 18:43:18] Warning occurred in repo https://github.com/ProjectIgnis/LFLists: the SSL certificate is invalid
[2026-03-25 18:43:18] Exception occurred in repo https://github.com/ProjectIgnis/DeltaBagooska: the SSL certificate is invalid
[2026-03-25 18:43:18] The repo https://github.com/ProjectIgnis/DeltaBagooska couldn't be cloned
[2026-03-25 18:43:18] Error: the SSL certificate is invalid
[2026-03-26 07:22:23] Warning occurred in repo https://github.com/ProjectIgnis/LFLists: the SSL certificate is invalid
[2026-03-26 07:22:23] Warning occurred in repo https://github.com/ProjectIgnis/Puzzles: the SSL certificate is invalid
[2026-03-26 07:22:23] Exception occurred in repo https://github.com/ProjectIgnis/DeltaBagooska: the SSL certificate is invalid
[2026-03-26 07:22:23] The repo https://github.com/ProjectIgnis/DeltaBagooska couldn't be cloned
[2026-03-26 07:22:23] Error: the SSL certificate is invalid
[2026-03-26 10:35:09] Warning occurred in repo https://github.com/ProjectIgnis/Puzzles: the SSL certificate is invalid
[2026-03-26 10:35:09] Warning occurred in repo https://github.com/ProjectIgnis/LFLists: the SSL certificate is invalid
[2026-03-26 10:35:09] Exception occurred in repo https://github.com/ProjectIgnis/DeltaBagooska: the SSL certificate is invalid
[2026-03-26 10:35:10] The repo https://github.com/ProjectIgnis/DeltaBagooska couldn't be cloned
[2026-03-26 10:35:10] Error: the SSL certificate is invalid
[2026-03-26 10:38:41] Warning occurred in repo https://github.com/ProjectIgnis/LFLists: the SSL certificate is invalid
[2026-03-26 10:38:41] Exception occurred in repo https://github.com/ProjectIgnis/DeltaBagooska: the SSL certificate is invalid
[2026-03-26 10:38:41] The repo https://github.com/ProjectIgnis/DeltaBagooska couldn't be cloned
[2026-03-26 10:38:41] Error: the SSL certificate is invalid
